<?xml version="1.0" encoding="UTF-8"?>
<!-- Generated by org.testng.reporters.JUnitReportReporter -->
<testsuite hostname="DESKTOP-3RRFUM9" failures="0" tests="1" name="test.OLoginTest" time="4.173" errors="0" timestamp="2022-06-16T12:30:33 IST" skipped="0">
  <testcase classname="test.OLoginTest" name="login" time="4.173"/>
  <system-out/>
</testsuite> <!-- test.OLoginTest -->
