<?xml version="1.0" encoding="UTF-8"?>
<!-- Generated by org.testng.reporters.JUnitReportReporter -->
<testsuite hostname="DESKTOP-3RRFUM9" failures="0" tests="2" name="test.LoginTest" time="5.284" errors="0" timestamp="2022-06-13T22:42:59 IST" skipped="0">
  <testcase classname="test.LoginTest" name="verifyButton" time="0.082"/>
  <system-out/>
  <testcase classname="test.LoginTest" name="login" time="5.202"/>
  <system-out/>
</testsuite> <!-- test.LoginTest -->
